
R version 3.2.2 (2015-08-14) -- "Fire Safety"
Copyright (C) 2015 The R Foundation for Statistical Computing
Platform: x86_64-pc-linux-gnu (64-bit)

R is free software and comes with ABSOLUTELY NO WARRANTY.
You are welcome to redistribute it under certain conditions.
Type 'license()' or 'licence()' for distribution details.

  Natural language support but running in an English locale

R is a collaborative project with many contributors.
Type 'contributors()' for more information and
'citation()' on how to cite R or R packages in publications.

Type 'demo()' for some demos, 'help()' for on-line help, or
'help.start()' for an HTML browser interface to help.
Type 'q()' to quit R.

> # This file is submitted by GPC_Submit.pbs
> # Only the function calls you want to run should be uncommented.
> # This file contains all of the function calls I've used. 
> #   It's an easy way to go back and rerun things or saw what I ran before.
> 
> setwd('~/Research/GPC/GPC_Codes')
> source('./GPC_Main.R')
Loading required package: GPfit
Loading required package: mlegp
Loading required package: lhs
Loading required package: png
Loading required package: grid
Loading required package: knitr
Loading required package: plyr
Loading required package: MASS
Loading required package: laGP
> 
> # qsub <- function() {system('qsub /sscc/home/c/cbe117/Research/GPC/GPC_Codes/GPC_Submit.pbs')}
> # pbstat <- function() {system('pbstat')}
> 
> # Redoing everything, including JMP separately
> #Borehole1357_03(stepstorun=3,laGP.nuggets=c('E',1e-6),laGP.nuggets.names=c('E',6),JMP.include=T,external.fits='JMP')
> #Borehole03(stepstorun=3,laGP.nuggets=c('E',1e-6),laGP.nuggets.names=c('E',6),JMP.include=T,external.fits='JMP')
> #OTLCircuit2(stepstorun=3, laGP.nuggets=c('E',1e-6),laGP.nuggets.names=c('E',6),JMP.include=T,external.fits='JMP')
> #Detpep108d2(stepstorun=3, laGP.nuggets=c('E',1e-6),laGP.nuggets.names=c('E',6),JMP.include=T,external.fits='JMP', GPfit.include=T)
> #RGPP2_D2_B.7( stepstorun=3, GPfit.powers=c(2), laGP.nuggets=c('E',1e-6),laGP.nuggets.names=c('E',6),JMP.include=T,external.fits='JMP')
> #RGPP2_D4_B.7( stepstorun=3, GPfit.powers=c(2), laGP.nuggets=c('E',1e-6),laGP.nuggets.names=c('E',6),JMP.include=T,external.fits='JMP')
> #RGPP2_D6_B.7( stepstorun=3, GPfit.powers=c(2), laGP.nuggets=c('E',1e-6),laGP.nuggets.names=c('E',6),JMP.include=T,external.fits='JMP')
> #RGPP2_D2_B1.3(stepstorun=3, GPfit.powers=c(2), laGP.nuggets=c('E',1e-6),laGP.nuggets.names=c('E',6),JMP.include=T,external.fits='JMP')
> #RGPP2_D4_B1.3(stepstorun=3, GPfit.powers=c(2), laGP.nuggets=c('E',1e-6),laGP.nuggets.names=c('E',6),JMP.include=T,external.fits='JMP')
> #RGPP2_D6_B1.3(stepstorun=3, GPfit.powers=c(2), laGP.nuggets=c('E',1e-6),laGP.nuggets.names=c('E',6),JMP.include=T,external.fits='JMP')
> 
> 
> timestamp()
##------ Thu Sep  1 02:54:03 2016 ------##
> print(getwd())
[1] "/sscc/home/c/cbe117/Research/GPC"
> timestamp()
##------ Thu Sep  1 02:54:03 2016 ------##
> 
> proc.time()
   user  system elapsed 
  0.732   0.060   1.108 
